<?xml version="1.0" encoding="UTF-8"?>
<!-- Generated by org.testng.reporters.JUnitXMLReporter -->
<testsuite ignored="0" hostname="Riyaansh" failures="0" tests="3" name="Test" time="5.682" errors="0" timestamp="2024-05-30T19:45:49 IST">
  <testcase classname="food.LaunchBurger_Test" name="burger" time="3.929"/>
  <testcase classname="food.LaunchDominos_Test" name="dominos" time="4.593"/>
  <testcase classname="food.LaunchPizzahut_Test" name="pizzahut" time="5.681"/>
</testsuite> <!-- Test -->
