<?xml version="1.0" encoding="UTF-8"?>
<testng-results ignored="0" total="1" passed="1" failed="0" skipped="0">
  <reporter-output>
  </reporter-output>
  <suite started-at="2024-05-30T20:11:50 IST" name="Surefire suite" finished-at="2024-05-30T20:11:57 IST" duration-ms="7146">
    <groups>
    </groups>
    <test started-at="2024-05-30T20:11:50 IST" name="Surefire test" finished-at="2024-05-30T20:11:57 IST" duration-ms="7146">
      <class name="beauty.LaunchLakme_Test">
        <test-method signature="lakme()[pri:0, instance:beauty.LaunchLakme_Test@4de5031f]" started-at="2024-05-30T20:11:50 IST" name="lakme" finished-at="2024-05-30T20:11:57 IST" duration-ms="7123" status="PASS">
          <reporter-output>
          </reporter-output>
        </test-method> <!-- lakme -->
      </class> <!-- beauty.LaunchLakme_Test -->
    </test> <!-- Surefire test -->
  </suite> <!-- Surefire suite -->
</testng-results>
